<?xml version="1.0" encoding="UTF-8" ?>
<testsuite tests="50" failures="0" name="hr.fer.zemris.java.custom.scripting.exec.ValueWrapperTest" time="0.015" errors="0" skipped="0">
  <properties>
    <property name="java.runtime.name" value="Java(TM) SE Runtime Environment"/>
    <property name="sun.boot.library.path" value="/usr/lib/jvm/java-8-oracle/jre/lib/amd64"/>
    <property name="java.vm.version" value="25.45-b02"/>
    <property name="java.vm.vendor" value="Oracle Corporation"/>
    <property name="maven.multiModuleProjectDirectory" value="/home/luka/MEGA/FER/Vjestine/Java/workspace/Multistack"/>
    <property name="java.vendor.url" value="http://java.oracle.com/"/>
    <property name="path.separator" value=":"/>
    <property name="guice.disable.misplaced.annotation.check" value="true"/>
    <property name="java.vm.name" value="Java HotSpot(TM) 64-Bit Server VM"/>
    <property name="file.encoding.pkg" value="sun.io"/>
    <property name="user.country" value="US"/>
    <property name="sun.java.launcher" value="SUN_STANDARD"/>
    <property name="sun.os.patch.level" value="unknown"/>
    <property name="java.vm.specification.name" value="Java Virtual Machine Specification"/>
    <property name="user.dir" value="/home/luka/MEGA/FER/Vjestine/Java/workspace/Multistack"/>
    <property name="java.runtime.version" value="1.8.0_45-b14"/>
    <property name="java.awt.graphicsenv" value="sun.awt.X11GraphicsEnvironment"/>
    <property name="java.endorsed.dirs" value="/usr/lib/jvm/java-8-oracle/jre/lib/endorsed"/>
    <property name="os.arch" value="amd64"/>
    <property name="java.io.tmpdir" value="/tmp"/>
    <property name="line.separator" value="
"/>
    <property name="java.vm.specification.vendor" value="Oracle Corporation"/>
    <property name="os.name" value="Linux"/>
    <property name="classworlds.conf" value="/home/luka/apache-maven/apache-maven-3.3.1/bin/m2.conf"/>
    <property name="sun.jnu.encoding" value="UTF-8"/>
    <property name="java.library.path" value="/usr/java/packages/lib/amd64:/usr/lib64:/lib64:/lib:/usr/lib"/>
    <property name="java.specification.name" value="Java Platform API Specification"/>
    <property name="java.class.version" value="52.0"/>
    <property name="sun.management.compiler" value="HotSpot 64-Bit Tiered Compilers"/>
    <property name="os.version" value="3.19.0-15-generic"/>
    <property name="user.home" value="/home/luka"/>
    <property name="user.timezone" value="Europe/Zagreb"/>
    <property name="java.awt.printerjob" value="sun.print.PSPrinterJob"/>
    <property name="file.encoding" value="UTF-8"/>
    <property name="java.specification.version" value="1.8"/>
    <property name="user.name" value="luka"/>
    <property name="java.class.path" value="/home/luka/apache-maven/apache-maven-3.3.1/boot/plexus-classworlds-2.5.2.jar"/>
    <property name="java.vm.specification.version" value="1.8"/>
    <property name="sun.arch.data.model" value="64"/>
    <property name="java.home" value="/usr/lib/jvm/java-8-oracle/jre"/>
    <property name="sun.java.command" value="org.codehaus.plexus.classworlds.launcher.Launcher test"/>
    <property name="java.specification.vendor" value="Oracle Corporation"/>
    <property name="user.language" value="en"/>
    <property name="awt.toolkit" value="sun.awt.X11.XToolkit"/>
    <property name="java.vm.info" value="mixed mode"/>
    <property name="java.version" value="1.8.0_45"/>
    <property name="java.ext.dirs" value="/usr/lib/jvm/java-8-oracle/jre/lib/ext:/usr/java/packages/lib/ext"/>
    <property name="securerandom.source" value="file:/dev/./urandom"/>
    <property name="sun.boot.class.path" value="/usr/lib/jvm/java-8-oracle/jre/lib/resources.jar:/usr/lib/jvm/java-8-oracle/jre/lib/rt.jar:/usr/lib/jvm/java-8-oracle/jre/lib/sunrsasign.jar:/usr/lib/jvm/java-8-oracle/jre/lib/jsse.jar:/usr/lib/jvm/java-8-oracle/jre/lib/jce.jar:/usr/lib/jvm/java-8-oracle/jre/lib/charsets.jar:/usr/lib/jvm/java-8-oracle/jre/lib/jfr.jar:/usr/lib/jvm/java-8-oracle/jre/classes"/>
    <property name="java.vendor" value="Oracle Corporation"/>
    <property name="maven.home" value="/home/luka/apache-maven/apache-maven-3.3.1"/>
    <property name="file.separator" value="/"/>
    <property name="java.vendor.url.bug" value="http://bugreport.sun.com/bugreport/"/>
    <property name="sun.cpu.endian" value="little"/>
    <property name="sun.io.unicode.encoding" value="UnicodeLittle"/>
    <property name="sun.cpu.isalist" value=""/>
  </properties>
  <testcase classname="hr.fer.zemris.java.custom.scripting.exec.ValueWrapperTest" name="decrementIntegerWithInteger" time="0"/>
  <testcase classname="hr.fer.zemris.java.custom.scripting.exec.ValueWrapperTest" name="multiplyIntegerWithInteger" time="0"/>
  <testcase classname="hr.fer.zemris.java.custom.scripting.exec.ValueWrapperTest" name="decrementIntegerWithDouble" time="0"/>
  <testcase classname="hr.fer.zemris.java.custom.scripting.exec.ValueWrapperTest" name="multiplyStringDoubleWithStringDouble" time="0"/>
  <testcase classname="hr.fer.zemris.java.custom.scripting.exec.ValueWrapperTest" name="divideDoubleWithStringDouble" time="0.002"/>
  <testcase classname="hr.fer.zemris.java.custom.scripting.exec.ValueWrapperTest" name="changeValue" time="0.001"/>
  <testcase classname="hr.fer.zemris.java.custom.scripting.exec.ValueWrapperTest" name="incrementIntegerWithStringDouble" time="0.001"/>
  <testcase classname="hr.fer.zemris.java.custom.scripting.exec.ValueWrapperTest" name="operateWithIllegalObject" time="0.001"/>
  <testcase classname="hr.fer.zemris.java.custom.scripting.exec.ValueWrapperTest" name="incrementStringDoubleWithStringInteger" time="0.001"/>
  <testcase classname="hr.fer.zemris.java.custom.scripting.exec.ValueWrapperTest" name="decrementDoubleWithDouble" time="0"/>
  <testcase classname="hr.fer.zemris.java.custom.scripting.exec.ValueWrapperTest" name="incrementIntegerWithInteger" time="0"/>
  <testcase classname="hr.fer.zemris.java.custom.scripting.exec.ValueWrapperTest" name="divideDoubleWithDouble" time="0.001"/>
  <testcase classname="hr.fer.zemris.java.custom.scripting.exec.ValueWrapperTest" name="multiplyStringDoubleWithStringInteger" time="0"/>
  <testcase classname="hr.fer.zemris.java.custom.scripting.exec.ValueWrapperTest" name="divideIntegerWithDouble" time="0"/>
  <testcase classname="hr.fer.zemris.java.custom.scripting.exec.ValueWrapperTest" name="incrementDoubleWithStringDouble" time="0"/>
  <testcase classname="hr.fer.zemris.java.custom.scripting.exec.ValueWrapperTest" name="decrementStringIntegerWithStringInteger" time="0"/>
  <testcase classname="hr.fer.zemris.java.custom.scripting.exec.ValueWrapperTest" name="multiplyStringIntegerWithStringInteger" time="0"/>
  <testcase classname="hr.fer.zemris.java.custom.scripting.exec.ValueWrapperTest" name="multiplyDoubleWithStringInteger" time="0"/>
  <testcase classname="hr.fer.zemris.java.custom.scripting.exec.ValueWrapperTest" name="multiplyIntegerWithDouble" time="0.001"/>
  <testcase classname="hr.fer.zemris.java.custom.scripting.exec.ValueWrapperTest" name="divideStringDoubleWithStringDouble" time="0"/>
  <testcase classname="hr.fer.zemris.java.custom.scripting.exec.ValueWrapperTest" name="decrementStringDoubleWithStringDouble" time="0"/>
  <testcase classname="hr.fer.zemris.java.custom.scripting.exec.ValueWrapperTest" name="multiplyIntegerWithStringDouble" time="0"/>
  <testcase classname="hr.fer.zemris.java.custom.scripting.exec.ValueWrapperTest" name="multiplyDoubleWithStringDouble" time="0"/>
  <testcase classname="hr.fer.zemris.java.custom.scripting.exec.ValueWrapperTest" name="multiplyDoubleWithDouble" time="0"/>
  <testcase classname="hr.fer.zemris.java.custom.scripting.exec.ValueWrapperTest" name="divideDoubleWithStringInteger" time="0.001"/>
  <testcase classname="hr.fer.zemris.java.custom.scripting.exec.ValueWrapperTest" name="decrementIntegerWithStringInteger" time="0"/>
  <testcase classname="hr.fer.zemris.java.custom.scripting.exec.ValueWrapperTest" name="operationWithNull" time="0"/>
  <testcase classname="hr.fer.zemris.java.custom.scripting.exec.ValueWrapperTest" name="decrementStringDoubleWithStringInteger" time="0.001"/>
  <testcase classname="hr.fer.zemris.java.custom.scripting.exec.ValueWrapperTest" name="decrementDoubleWithStringInteger" time="0"/>
  <testcase classname="hr.fer.zemris.java.custom.scripting.exec.ValueWrapperTest" name="divideStringIntegerWithStringInteger" time="0"/>
  <testcase classname="hr.fer.zemris.java.custom.scripting.exec.ValueWrapperTest" name="incrementDoubleWithDouble" time="0"/>
  <testcase classname="hr.fer.zemris.java.custom.scripting.exec.ValueWrapperTest" name="divideIntegerWithStringDouble" time="0"/>
  <testcase classname="hr.fer.zemris.java.custom.scripting.exec.ValueWrapperTest" name="incrementStringIntegerWithStringInteger" time="0"/>
  <testcase classname="hr.fer.zemris.java.custom.scripting.exec.ValueWrapperTest" name="failParseDouble1" time="0.001"/>
  <testcase classname="hr.fer.zemris.java.custom.scripting.exec.ValueWrapperTest" name="failParseDouble2" time="0"/>
  <testcase classname="hr.fer.zemris.java.custom.scripting.exec.ValueWrapperTest" name="divideIntegerWithStringInteger" time="0.001"/>
  <testcase classname="hr.fer.zemris.java.custom.scripting.exec.ValueWrapperTest" name="failParseInteger" time="0.001"/>
  <testcase classname="hr.fer.zemris.java.custom.scripting.exec.ValueWrapperTest" name="decrementIntegerWithStringDouble" time="0"/>
  <testcase classname="hr.fer.zemris.java.custom.scripting.exec.ValueWrapperTest" name="compareWithSmallerValue" time="0"/>
  <testcase classname="hr.fer.zemris.java.custom.scripting.exec.ValueWrapperTest" name="incrementIntegerWithDouble" time="0.001"/>
  <testcase classname="hr.fer.zemris.java.custom.scripting.exec.ValueWrapperTest" name="multiplyIntegerWithStringInteger" time="0"/>
  <testcase classname="hr.fer.zemris.java.custom.scripting.exec.ValueWrapperTest" name="incrementIntegerWithStringInteger" time="0"/>
  <testcase classname="hr.fer.zemris.java.custom.scripting.exec.ValueWrapperTest" name="decrementDoubleWithStringDouble" time="0"/>
  <testcase classname="hr.fer.zemris.java.custom.scripting.exec.ValueWrapperTest" name="incrementStringDoubleWithStringDouble" time="0"/>
  <testcase classname="hr.fer.zemris.java.custom.scripting.exec.ValueWrapperTest" name="divideStringDoubleWithStringInteger" time="0"/>
  <testcase classname="hr.fer.zemris.java.custom.scripting.exec.ValueWrapperTest" name="divideWithZero" time="0"/>
  <testcase classname="hr.fer.zemris.java.custom.scripting.exec.ValueWrapperTest" name="compareWithEqualValue" time="0"/>
  <testcase classname="hr.fer.zemris.java.custom.scripting.exec.ValueWrapperTest" name="divideIntegerWithInteger" time="0"/>
  <testcase classname="hr.fer.zemris.java.custom.scripting.exec.ValueWrapperTest" name="compareWithGreaterValue" time="0.001"/>
  <testcase classname="hr.fer.zemris.java.custom.scripting.exec.ValueWrapperTest" name="incrementDoubleWithStringInteger" time="0"/>
</testsuite>