<?xml version="1.0" encoding="UTF-8" ?>
<testsuite errors="0" failures="0" hostname="luka-Lenovo-G500" name="hr.fer.zemris.java.tecaj.hw3.ComplexNumberTest" skipped="0" tests="34" time="0.048" timestamp="2015-04-05T15:57:58">
  <properties>
    <property name="java.vendor" value="Oracle Corporation" />
    <property name="sun.java.launcher" value="SUN_STANDARD" />
    <property name="sun.management.compiler" value="HotSpot 64-Bit Tiered Compilers" />
    <property name="dist" value="/home/luka/MEGA/FER/Vjestine/Java/workspace/HW03-0036478527/dist" />
    <property name="os.name" value="Linux" />
    <property name="sun.boot.class.path" value="/usr/lib/jvm/java-8-oracle/jre/lib/resources.jar:/usr/lib/jvm/java-8-oracle/jre/lib/rt.jar:/usr/lib/jvm/java-8-oracle/jre/lib/sunrsasign.jar:/usr/lib/jvm/java-8-oracle/jre/lib/jsse.jar:/usr/lib/jvm/java-8-oracle/jre/lib/jce.jar:/usr/lib/jvm/java-8-oracle/jre/lib/charsets.jar:/usr/lib/jvm/java-8-oracle/jre/lib/jfr.jar:/usr/lib/jvm/java-8-oracle/jre/classes" />
    <property name="TODAY" value="April 5 2015" />
    <property name="java.vm.specification.vendor" value="Oracle Corporation" />
    <property name="ant.home" value="/usr/share/ant" />
    <property name="java.runtime.version" value="1.8.0_40-b25" />
    <property name="user.name" value="luka" />
    <property name="src.java" value="/home/luka/MEGA/FER/Vjestine/Java/workspace/HW03-0036478527/src/main/java" />
    <property name="user.language" value="en" />
    <property name="build" value="/home/luka/MEGA/FER/Vjestine/Java/workspace/HW03-0036478527/build" />
    <property name="sun.boot.library.path" value="/usr/lib/jvm/java-8-oracle/jre/lib/amd64" />
    <property name="ant.project.default-target" value="jar" />
    <property name="ant.project.name" value="HW03-0036478527" />
    <property name="DSTAMP" value="20150405" />
    <property name="java.version" value="1.8.0_40" />
    <property name="user.timezone" value="Europe/Zagreb" />
    <property name="sun.arch.data.model" value="64" />
    <property name="java.endorsed.dirs" value="/usr/lib/jvm/java-8-oracle/jre/lib/endorsed" />
    <property name="sun.cpu.isalist" value="" />
    <property name="sun.jnu.encoding" value="UTF-8" />
    <property name="file.encoding.pkg" value="sun.io" />
    <property name="file.separator" value="/" />
    <property name="java.specification.name" value="Java Platform API Specification" />
    <property name="jacoco.home" value="/home/luka/java-tools/jacoco-0.7.4" />
    <property name="java.class.version" value="52.0" />
    <property name="src" value="/home/luka/MEGA/FER/Vjestine/Java/workspace/HW03-0036478527/src" />
    <property name="user.country" value="US" />
    <property name="java.home" value="/usr/lib/jvm/java-8-oracle/jre" />
    <property name="ant.file.HW03-0036478527" value="/home/luka/MEGA/FER/Vjestine/Java/workspace/HW03-0036478527/build.xml" />
    <property name="java.vm.info" value="mixed mode" />
    <property name="ant.file" value="/home/luka/MEGA/FER/Vjestine/Java/workspace/HW03-0036478527/build.xml" />
    <property name="os.version" value="3.16.0-33-generic" />
    <property name="path.separator" value=":" />
    <property name="java.vm.version" value="25.40-b25" />
    <property name="ant.library.dir" value="/usr/share/ant/lib" />
    <property name="java.awt.printerjob" value="sun.print.PSPrinterJob" />
    <property name="sun.io.unicode.encoding" value="UnicodeLittle" />
    <property name="awt.toolkit" value="sun.awt.X11.XToolkit" />
    <property name="_jacoco.agentFile" value="/tmp/jacocoagent6851647447730792997.jar" />
    <property name="xalan.home" value="/home/luka/java-tools/xalan-j_2_7_2" />
    <property name="user.home" value="/home/luka" />
    <property name="java.specification.vendor" value="Oracle Corporation" />
    <property name="java.library.path" value="/usr/java/packages/lib/amd64:/usr/lib64:/lib64:/lib:/usr/lib" />
    <property name="java.vendor.url" value="http://java.oracle.com/" />
    <property name="java.vm.vendor" value="Oracle Corporation" />
    <property name="java.runtime.name" value="Java(TM) SE Runtime Environment" />
    <property name="sun.java.command" value="org.apache.tools.ant.taskdefs.optional.junit.JUnitTestRunner testsfile=/home/luka/MEGA/FER/Vjestine/Java/workspace/HW03-0036478527/junittestcases9096131707850362971.properties skipNonTests=false filtertrace=true haltOnError=false haltOnFailure=true formatter=org.apache.tools.ant.taskdefs.optional.junit.SummaryJUnitResultFormatter showoutput=false outputtoformatters=true logfailedtests=true logtestlistenerevents=false formatter=org.apache.tools.ant.taskdefs.optional.junit.PlainJUnitResultFormatter,/home/luka/MEGA/FER/Vjestine/Java/workspace/HW03-0036478527/dist/test-reports/xml/IGNORETHIS.txt formatter=org.apache.tools.ant.taskdefs.optional.junit.XMLJUnitResultFormatter,/home/luka/MEGA/FER/Vjestine/Java/workspace/HW03-0036478527/dist/test-reports/xml/IGNORETHIS.xml crashfile=/home/luka/MEGA/FER/Vjestine/Java/workspace/HW03-0036478527/junitvmwatcher3560568703635746833.properties propsfile=/home/luka/MEGA/FER/Vjestine/Java/workspace/HW03-0036478527/junit579735961394674316.properties" />
    <property name="java.class.path" value="/home/luka/MEGA/FER/Vjestine/Java/workspace/HW03-0036478527/build/classes:/home/luka/MEGA/FER/Vjestine/Java/workspace/HW03-0036478527/build/test:/home/luka/java-tools/junit-4.12/hamcrest-core-1.3.jar:/home/luka/java-tools/junit-4.12/junit-4.12.jar:/usr/share/java/ant-launcher-1.9.3.jar:/usr/share/ant/lib/ant.jar:/usr/share/ant/lib/ant-junit.jar:/usr/share/ant/lib/ant-junit4.jar:/tmp/jacocoagent6851647447730792997.jar" />
    <property name="ant.version" value="Apache Ant(TM) version 1.9.3 compiled on April 8 2014" />
    <property name="TSTAMP" value="1757" />
    <property name="java.vm.specification.name" value="Java Virtual Machine Specification" />
    <property name="ant.file.type" value="file" />
    <property name="ant.file.type.HW03-0036478527" value="file" />
    <property name="java.vm.specification.version" value="1.8" />
    <property name="build.classes" value="/home/luka/MEGA/FER/Vjestine/Java/workspace/HW03-0036478527/build/classes" />
    <property name="sun.cpu.endian" value="little" />
    <property name="sun.os.patch.level" value="unknown" />
    <property name="src.test" value="/home/luka/MEGA/FER/Vjestine/Java/workspace/HW03-0036478527/src/test/java" />
    <property name="java.io.tmpdir" value="/tmp" />
    <property name="pmd.home" value="/home/luka/java-tools/pmd-bin-5.2.3" />
    <property name="java.vendor.url.bug" value="http://bugreport.sun.com/bugreport/" />
    <property name="os.arch" value="amd64" />
    <property name="java.awt.graphicsenv" value="sun.awt.X11GraphicsEnvironment" />
    <property name="java.ext.dirs" value="/usr/lib/jvm/java-8-oracle/jre/lib/ext:/usr/java/packages/lib/ext" />
    <property name="user.dir" value="/home/luka/MEGA/FER/Vjestine/Java/workspace/HW03-0036478527" />
    <property name="line.separator" value="&#xa;" />
    <property name="java.vm.name" value="Java HotSpot(TM) 64-Bit Server VM" />
    <property name="basedir" value="/home/luka/MEGA/FER/Vjestine/Java/workspace/HW03-0036478527" />
    <property name="junit.home" value="/home/luka/java-tools/junit-4.12" />
    <property name="ant.java.version" value="1.8" />
    <property name="ant.core.lib" value="/usr/share/ant/lib/ant.jar" />
    <property name="file.encoding" value="UTF-8" />
    <property name="build.test" value="/home/luka/MEGA/FER/Vjestine/Java/workspace/HW03-0036478527/build/test" />
    <property name="java.specification.version" value="1.8" />
    <property name="ant.project.invoked-targets" value="run-tests" />
  </properties>
  <testcase classname="hr.fer.zemris.java.tecaj.hw3.ComplexNumberTest" name="divideTest" time="0.005" />
  <testcase classname="hr.fer.zemris.java.tecaj.hw3.ComplexNumberTest" name="nthRoot" time="0.0" />
  <testcase classname="hr.fer.zemris.java.tecaj.hw3.ComplexNumberTest" name="getMagnitude" time="0.0" />
  <testcase classname="hr.fer.zemris.java.tecaj.hw3.ComplexNumberTest" name="subTest" time="0.001" />
  <testcase classname="hr.fer.zemris.java.tecaj.hw3.ComplexNumberTest" name="parserTestIntInt" time="0.003" />
  <testcase classname="hr.fer.zemris.java.tecaj.hw3.ComplexNumberTest" name="fromMagnitudeAndAngle3rdQuadrant" time="0.0" />
  <testcase classname="hr.fer.zemris.java.tecaj.hw3.ComplexNumberTest" name="fromMagnitudeAndAngle1stQuadrant" time="0.0" />
  <testcase classname="hr.fer.zemris.java.tecaj.hw3.ComplexNumberTest" name="fromReal" time="0.0" />
  <testcase classname="hr.fer.zemris.java.tecaj.hw3.ComplexNumberTest" name="toPower" time="0.0" />
  <testcase classname="hr.fer.zemris.java.tecaj.hw3.ComplexNumberTest" name="addTest" time="0.0" />
  <testcase classname="hr.fer.zemris.java.tecaj.hw3.ComplexNumberTest" name="parserTestDoubleDouble" time="0.001" />
  <testcase classname="hr.fer.zemris.java.tecaj.hw3.ComplexNumberTest" name="parserTestDoubleNone" time="0.001" />
  <testcase classname="hr.fer.zemris.java.tecaj.hw3.ComplexNumberTest" name="parserTestNoneDouble" time="0.001" />
  <testcase classname="hr.fer.zemris.java.tecaj.hw3.ComplexNumberTest" name="parserTestDoubleInt" time="0.0" />
  <testcase classname="hr.fer.zemris.java.tecaj.hw3.ComplexNumberTest" name="getAngle3rd4thQuadrant" time="0.0" />
  <testcase classname="hr.fer.zemris.java.tecaj.hw3.ComplexNumberTest" name="getAngle2ndQuadrant" time="0.0" />
  <testcase classname="hr.fer.zemris.java.tecaj.hw3.ComplexNumberTest" name="toRootZero" time="0.0" />
  <testcase classname="hr.fer.zemris.java.tecaj.hw3.ComplexNumberTest" name="parserTestIntDouble" time="0.001" />
  <testcase classname="hr.fer.zemris.java.tecaj.hw3.ComplexNumberTest" name="getAngle4th1stQuadrant" time="0.001" />
  <testcase classname="hr.fer.zemris.java.tecaj.hw3.ComplexNumberTest" name="toPowerZero" time="0.0" />
  <testcase classname="hr.fer.zemris.java.tecaj.hw3.ComplexNumberTest" name="multiplyTest" time="0.001" />
  <testcase classname="hr.fer.zemris.java.tecaj.hw3.ComplexNumberTest" name="parserTestJustAnOperator" time="0.0" />
  <testcase classname="hr.fer.zemris.java.tecaj.hw3.ComplexNumberTest" name="getAngle4thQuadrant" time="0.0" />
  <testcase classname="hr.fer.zemris.java.tecaj.hw3.ComplexNumberTest" name="getAsString" time="0.001" />
  <testcase classname="hr.fer.zemris.java.tecaj.hw3.ComplexNumberTest" name="fromMagnitudeAndAngle2ndQuadrant" time="0.0" />
  <testcase classname="hr.fer.zemris.java.tecaj.hw3.ComplexNumberTest" name="parserTestNoneNone" time="0.001" />
  <testcase classname="hr.fer.zemris.java.tecaj.hw3.ComplexNumberTest" name="fromImaginary" time="0.0" />
  <testcase classname="hr.fer.zemris.java.tecaj.hw3.ComplexNumberTest" name="getAngle1st2ndQuadrant" time="0.0" />
  <testcase classname="hr.fer.zemris.java.tecaj.hw3.ComplexNumberTest" name="getAngle3rdQuadrant" time="0.0" />
  <testcase classname="hr.fer.zemris.java.tecaj.hw3.ComplexNumberTest" name="toPowerNegative" time="0.0" />
  <testcase classname="hr.fer.zemris.java.tecaj.hw3.ComplexNumberTest" name="divideWithZero" time="0.0" />
  <testcase classname="hr.fer.zemris.java.tecaj.hw3.ComplexNumberTest" name="getAngle1stQuadrant" time="0.0" />
  <testcase classname="hr.fer.zemris.java.tecaj.hw3.ComplexNumberTest" name="fromMagnitudeAndAngle4thQuadrant" time="0.001" />
  <testcase classname="hr.fer.zemris.java.tecaj.hw3.ComplexNumberTest" name="getAngle2nd3rdQuadrant" time="0.0" />
  <system-out><![CDATA[]]></system-out>
  <system-err><![CDATA[]]></system-err>
</testsuite>
